# JRE version: OpenJDK Runtime Environment Corretto-17.0.12.7.1 (17.0.12+7) (build 17.0.12+7-LTS)
# Java VM: OpenJDK 64-Bit Server VM Corretto-17.0.12.7.1 (17.0.12+7-LTS, mixed mode, sharing, tiered, compressed oops, compressed class ptrs, g1 gc, windows-amd64)
GC Precious Log:
 CPUs: 4 total, 4 available
 Memory: 4011M
 Large Page Support: Disabled
 NUMA Support: Disabled
 Compressed Oops: Enabled (32-bit)
 Heap Region Size: 1M
 Heap Min Capacity: 8M
 Heap Initial Capacity: 64M
 Heap Max Capacity: 1004M
 Pre-touch: Disabled
 Parallel Workers: 4
 Concurrent Workers: 1
 Concurrent Refinement Workers: 4
 Periodic GC: Disabled
Heap:
 garbage-first heap   total 65536K, used 35998K [0x00000000c1400000, 0x0000000100000000)
  region size 1024K, 33 young (33792K), 4 survivors (4096K)
 Metaspace       used 19447K, committed 19712K, reserved 1114112K
  class space    used 2417K, committed 2560K, reserved 1048576K
GC Heap History (6 events):
Event: 2.283 GC heap before
{Heap before GC invocations=0 (full 0):
 garbage-first heap   total 65536K, used 13312K [0x00000000c1400000, 0x0000000100000000)
  region size 1024K, 13 young (13312K), 0 survivors (0K)
 Metaspace       used 3769K, committed 3904K, reserved 1114112K
  class space    used 416K, committed 512K, reserved 1048576K
}
Event: 2.295 GC heap after
{Heap after GC invocations=1 (full 0):
 garbage-first heap   total 65536K, used 3864K [0x00000000c1400000, 0x0000000100000000)
  region size 1024K, 2 young (2048K), 2 survivors (2048K)
 Metaspace       used 3769K, committed 3904K, reserved 1114112K
  class space    used 416K, committed 512K, reserved 1048576K
}
Event: 3.046 GC heap before
{Heap before GC invocations=1 (full 0):
 garbage-first heap   total 65536K, used 18200K [0x00000000c1400000, 0x0000000100000000)
  region size 1024K, 16 young (16384K), 2 survivors (2048K)
 Metaspace       used 7429K, committed 7552K, reserved 1114112K
  class space    used 906K, committed 960K, reserved 1048576K
}
Event: 3.050 GC heap after
{Heap after GC invocations=2 (full 0):
 garbage-first heap   total 65536K, used 4864K [0x00000000c1400000, 0x0000000100000000)
  region size 1024K, 2 young (2048K), 2 survivors (2048K)
 Metaspace       used 7429K, committed 7552K, reserved 1114112K
  class space    used 906K, committed 960K, reserved 1048576K
}
Event: 3.910 GC heap before
{Heap before GC invocations=2 (full 0):
 garbage-first heap   total 65536K, used 39680K [0x00000000c1400000, 0x0000000100000000)
  region size 1024K, 36 young (36864K), 2 survivors (2048K)
 Metaspace       used 15972K, committed 16256K, reserved 1114112K
  class space    used 2029K, committed 2176K, reserved 1048576K
}
Event: 3.916 GC heap after
{Heap after GC invocations=3 (full 0):
 garbage-first heap   total 65536K, used 7326K [0x00000000c1400000, 0x0000000100000000)
  region size 1024K, 4 young (4096K), 4 survivors (4096K)
 Metaspace       used 15972K, committed 16256K, reserved 1114112K
  class space    used 2029K, committed 2176K, reserved 1048576K
}

