# JRE version: OpenJDK Runtime Environment Corretto-17.0.12.7.1 (17.0.12+7) (build 17.0.12+7-LTS)
# Java VM: OpenJDK 64-Bit Server VM Corretto-17.0.12.7.1 (17.0.12+7-LTS, mixed mode, sharing, tiered, compressed oops, compressed class ptrs, g1 gc, windows-amd64)
GC Precious Log:
 CPUs: 4 total, 4 available
 Memory: 4011M
 Large Page Support: Disabled
 NUMA Support: Disabled
 Compressed Oops: Enabled (32-bit)
 Heap Region Size: 1M
 Heap Min Capacity: 8M
 Heap Initial Capacity: 64M
 Heap Max Capacity: 1004M
 Pre-touch: Disabled
 Parallel Workers: 4
 Concurrent Workers: 1
 Concurrent Refinement Workers: 4
 Periodic GC: Disabled
Heap:
 garbage-first heap   total 40960K, used 27593K [0x00000000c1400000, 0x0000000100000000)
  region size 1024K, 15 young (15360K), 2 survivors (2048K)
 Metaspace       used 34018K, committed 34560K, reserved 1114112K
  class space    used 4287K, committed 4544K, reserved 1048576K
GC Heap History (16 events):
Event: 1.113 GC heap before
{Heap before GC invocations=0 (full 0):
 garbage-first heap   total 65536K, used 13312K [0x00000000c1400000, 0x0000000100000000)
  region size 1024K, 13 young (13312K), 0 survivors (0K)
 Metaspace       used 3816K, committed 3968K, reserved 1114112K
  class space    used 423K, committed 512K, reserved 1048576K
}
Event: 1.124 GC heap after
{Heap after GC invocations=1 (full 0):
 garbage-first heap   total 65536K, used 3692K [0x00000000c1400000, 0x0000000100000000)
  region size 1024K, 2 young (2048K), 2 survivors (2048K)
 Metaspace       used 3816K, committed 3968K, reserved 1114112K
  class space    used 423K, committed 512K, reserved 1048576K
}
Event: 2.034 GC heap before
{Heap before GC invocations=1 (full 0):
 garbage-first heap   total 65536K, used 18028K [0x00000000c1400000, 0x0000000100000000)
  region size 1024K, 16 young (16384K), 2 survivors (2048K)
 Metaspace       used 7461K, committed 7680K, reserved 1114112K
  class space    used 914K, committed 1024K, reserved 1048576K
}
Event: 2.039 GC heap after
{Heap after GC invocations=2 (full 0):
 garbage-first heap   total 65536K, used 4903K [0x00000000c1400000, 0x0000000100000000)
  region size 1024K, 2 young (2048K), 2 survivors (2048K)
 Metaspace       used 7461K, committed 7680K, reserved 1114112K
  class space    used 914K, committed 1024K, reserved 1048576K
}
Event: 3.188 GC heap before
{Heap before GC invocations=2 (full 0):
 garbage-first heap   total 65536K, used 37671K [0x00000000c1400000, 0x0000000100000000)
  region size 1024K, 34 young (34816K), 2 survivors (2048K)
 Metaspace       used 15468K, committed 15744K, reserved 1114112K
  class space    used 1951K, committed 2112K, reserved 1048576K
}
Event: 3.194 GC heap after
{Heap after GC invocations=3 (full 0):
 garbage-first heap   total 65536K, used 7164K [0x00000000c1400000, 0x0000000100000000)
  region size 1024K, 4 young (4096K), 4 survivors (4096K)
 Metaspace       used 15468K, committed 15744K, reserved 1114112K
  class space    used 1951K, committed 2112K, reserved 1048576K
}
Event: 4.817 GC heap before
{Heap before GC invocations=3 (full 0):
 garbage-first heap   total 65536K, used 40956K [0x00000000c1400000, 0x0000000100000000)
  region size 1024K, 37 young (37888K), 4 survivors (4096K)
 Metaspace       used 20081K, committed 20352K, reserved 1114112K
  class space    used 2497K, committed 2624K, reserved 1048576K
}
Event: 4.826 GC heap after
{Heap after GC invocations=4 (full 0):
 garbage-first heap   total 65536K, used 10117K [0x00000000c1400000, 0x0000000100000000)
  region size 1024K, 5 young (5120K), 5 survivors (5120K)
 Metaspace       used 20081K, committed 20352K, reserved 1114112K
  class space    used 2497K, committed 2624K, reserved 1048576K
}
Event: 5.087 GC heap before
{Heap before GC invocations=4 (full 0):
 garbage-first heap   total 65536K, used 17285K [0x00000000c1400000, 0x0000000100000000)
  region size 1024K, 13 young (13312K), 5 survivors (5120K)
 Metaspace       used 21223K, committed 21504K, reserved 1114112K
  class space    used 2620K, committed 2752K, reserved 1048576K
}
Event: 5.096 GC heap after
{Heap after GC invocations=5 (full 0):
 garbage-first heap   total 65536K, used 11071K [0x00000000c1400000, 0x0000000100000000)
  region size 1024K, 1 young (1024K), 1 survivors (1024K)
 Metaspace       used 21223K, committed 21504K, reserved 1114112K
  class space    used 2620K, committed 2752K, reserved 1048576K
}
Event: 6.481 GC heap before
{Heap before GC invocations=6 (full 0):
 garbage-first heap   total 40960K, used 34623K [0x00000000c1400000, 0x0000000100000000)
  region size 1024K, 25 young (25600K), 1 survivors (1024K)
 Metaspace       used 26045K, committed 26368K, reserved 1114112K
  class space    used 3250K, committed 3392K, reserved 1048576K
}
Event: 6.486 GC heap after
{Heap after GC invocations=7 (full 0):
 garbage-first heap   total 40960K, used 13017K [0x00000000c1400000, 0x0000000100000000)
  region size 1024K, 3 young (3072K), 3 survivors (3072K)
 Metaspace       used 26045K, committed 26368K, reserved 1114112K
  class space    used 3250K, committed 3392K, reserved 1048576K
}
Event: 7.071 GC heap before
{Heap before GC invocations=7 (full 0):
 garbage-first heap   total 40960K, used 29401K [0x00000000c1400000, 0x0000000100000000)
  region size 1024K, 19 young (19456K), 3 survivors (3072K)
 Metaspace       used 28706K, committed 29120K, reserved 1114112K
  class space    used 3622K, committed 3840K, reserved 1048576K
}
Event: 7.077 GC heap after
{Heap after GC invocations=8 (full 0):
 garbage-first heap   total 40960K, used 15008K [0x00000000c1400000, 0x0000000100000000)
  region size 1024K, 3 young (3072K), 3 survivors (3072K)
 Metaspace       used 28706K, committed 29120K, reserved 1114112K
  class space    used 3622K, committed 3840K, reserved 1048576K
}
Event: 7.691 GC heap before
{Heap before GC invocations=8 (full 0):
 garbage-first heap   total 40960K, used 28320K [0x00000000c1400000, 0x0000000100000000)
  region size 1024K, 17 young (17408K), 3 survivors (3072K)
 Metaspace       used 31275K, committed 31744K, reserved 1114112K
  class space    used 3945K, committed 4160K, reserved 1048576K
}
Event: 7.696 GC heap after
{Heap after GC invocations=9 (full 0):
 garbage-first heap   total 40960K, used 16329K [0x00000000c1400000, 0x0000000100000000)
  region size 1024K, 2 young (2048K), 2 survivors (2048K)
 Metaspace       used 31275K, committed 31744K, reserved 1114112K
  class space    used 3945K, committed 4160K, reserved 1048576K
}

